Performing C++ SOURCE FILE Test _fbracket_depth_4096 failed with the following output:
Change Dir: /home/kurumi/ras-test/out/picker_out_RAS/UT_RAS/build/CMakeFiles/CMakeTmp

Run Build Command(s):/usr/bin/gmake -f Makefile cmTC_eec8c/fast && gmake[4]: Entering directory '/home/kurumi/ras-test/out/picker_out_RAS/UT_RAS/build/CMakeFiles/CMakeTmp'
/usr/bin/gmake  -f CMakeFiles/cmTC_eec8c.dir/build.make CMakeFiles/cmTC_eec8c.dir/build
gmake[5]: Entering directory '/home/kurumi/ras-test/out/picker_out_RAS/UT_RAS/build/CMakeFiles/CMakeTmp'
Building CXX object CMakeFiles/cmTC_eec8c.dir/src.cxx.o
/usr/bin/c++ -D_fbracket_depth_4096  -std=c++20 -fcoroutines -ftls-model=global-dynamic    -fbracket-depth=4096 -std=gnu++20 -o CMakeFiles/cmTC_eec8c.dir/src.cxx.o -c /home/kurumi/ras-test/out/picker_out_RAS/UT_RAS/build/CMakeFiles/CMakeTmp/src.cxx
c++: error: unrecognized command-line option '-fbracket-depth=4096'
gmake[5]: *** [CMakeFiles/cmTC_eec8c.dir/build.make:78: CMakeFiles/cmTC_eec8c.dir/src.cxx.o] Error 1
gmake[5]: Leaving directory '/home/kurumi/ras-test/out/picker_out_RAS/UT_RAS/build/CMakeFiles/CMakeTmp'
gmake[4]: *** [Makefile:127: cmTC_eec8c/fast] Error 2
gmake[4]: Leaving directory '/home/kurumi/ras-test/out/picker_out_RAS/UT_RAS/build/CMakeFiles/CMakeTmp'


Source file was:
int main() { return 0; }
Performing C++ SOURCE FILE Test _mno_cet failed with the following output:
Change Dir: /home/kurumi/ras-test/out/picker_out_RAS/UT_RAS/build/CMakeFiles/CMakeTmp

Run Build Command(s):/usr/bin/gmake -f Makefile cmTC_fc734/fast && gmake[4]: Entering directory '/home/kurumi/ras-test/out/picker_out_RAS/UT_RAS/build/CMakeFiles/CMakeTmp'
/usr/bin/gmake  -f CMakeFiles/cmTC_fc734.dir/build.make CMakeFiles/cmTC_fc734.dir/build
gmake[5]: Entering directory '/home/kurumi/ras-test/out/picker_out_RAS/UT_RAS/build/CMakeFiles/CMakeTmp'
Building CXX object CMakeFiles/cmTC_fc734.dir/src.cxx.o
/usr/bin/c++ -D_mno_cet  -std=c++20 -fcoroutines -ftls-model=global-dynamic    -mno-cet -std=gnu++20 -o CMakeFiles/cmTC_fc734.dir/src.cxx.o -c /home/kurumi/ras-test/out/picker_out_RAS/UT_RAS/build/CMakeFiles/CMakeTmp/src.cxx
c++: error: unrecognized command-line option '-mno-cet'; did you mean '-mno-aes'?
gmake[5]: *** [CMakeFiles/cmTC_fc734.dir/build.make:78: CMakeFiles/cmTC_fc734.dir/src.cxx.o] Error 1
gmake[5]: Leaving directory '/home/kurumi/ras-test/out/picker_out_RAS/UT_RAS/build/CMakeFiles/CMakeTmp'
gmake[4]: *** [Makefile:127: cmTC_fc734/fast] Error 2
gmake[4]: Leaving directory '/home/kurumi/ras-test/out/picker_out_RAS/UT_RAS/build/CMakeFiles/CMakeTmp'


Source file was:
int main() { return 0; }
Performing C++ SOURCE FILE Test _Qunused_arguments failed with the following output:
Change Dir: /home/kurumi/ras-test/out/picker_out_RAS/UT_RAS/build/CMakeFiles/CMakeTmp

Run Build Command(s):/usr/bin/gmake -f Makefile cmTC_66a33/fast && gmake[4]: Entering directory '/home/kurumi/ras-test/out/picker_out_RAS/UT_RAS/build/CMakeFiles/CMakeTmp'
/usr/bin/gmake  -f CMakeFiles/cmTC_66a33.dir/build.make CMakeFiles/cmTC_66a33.dir/build
gmake[5]: Entering directory '/home/kurumi/ras-test/out/picker_out_RAS/UT_RAS/build/CMakeFiles/CMakeTmp'
Building CXX object CMakeFiles/cmTC_66a33.dir/src.cxx.o
/usr/bin/c++ -D_Qunused_arguments  -std=c++20 -fcoroutines -ftls-model=global-dynamic    -Qunused-arguments -std=gnu++20 -o CMakeFiles/cmTC_66a33.dir/src.cxx.o -c /home/kurumi/ras-test/out/picker_out_RAS/UT_RAS/build/CMakeFiles/CMakeTmp/src.cxx
c++: error: unrecognized command-line option '-Qunused-arguments'
gmake[5]: *** [CMakeFiles/cmTC_66a33.dir/build.make:78: CMakeFiles/cmTC_66a33.dir/src.cxx.o] Error 1
gmake[5]: Leaving directory '/home/kurumi/ras-test/out/picker_out_RAS/UT_RAS/build/CMakeFiles/CMakeTmp'
gmake[4]: *** [Makefile:127: cmTC_66a33/fast] Error 2
gmake[4]: Leaving directory '/home/kurumi/ras-test/out/picker_out_RAS/UT_RAS/build/CMakeFiles/CMakeTmp'


Source file was:
int main() { return 0; }
Performing C++ SOURCE FILE Test _mt failed with the following output:
Change Dir: /home/kurumi/ras-test/out/picker_out_RAS/UT_RAS/build/CMakeFiles/CMakeTmp

Run Build Command(s):/usr/bin/gmake -f Makefile cmTC_16f6c/fast && gmake[4]: Entering directory '/home/kurumi/ras-test/out/picker_out_RAS/UT_RAS/build/CMakeFiles/CMakeTmp'
/usr/bin/gmake  -f CMakeFiles/cmTC_16f6c.dir/build.make CMakeFiles/cmTC_16f6c.dir/build
gmake[5]: Entering directory '/home/kurumi/ras-test/out/picker_out_RAS/UT_RAS/build/CMakeFiles/CMakeTmp'
Building CXX object CMakeFiles/cmTC_16f6c.dir/src.cxx.o
/usr/bin/c++ -D_mt  -std=c++20 -fcoroutines -ftls-model=global-dynamic  -std=gnu++20 -o CMakeFiles/cmTC_16f6c.dir/src.cxx.o -c /home/kurumi/ras-test/out/picker_out_RAS/UT_RAS/build/CMakeFiles/CMakeTmp/src.cxx
Linking CXX executable cmTC_16f6c
/usr/bin/cmake -E cmake_link_script CMakeFiles/cmTC_16f6c.dir/link.txt --verbose=1
/usr/bin/c++  -std=c++20 -fcoroutines -ftls-model=global-dynamic  CMakeFiles/cmTC_16f6c.dir/src.cxx.o -o cmTC_16f6c  -mt 
c++: error: unrecognized command-line option ‘-mt’; did you mean ‘-MT’?
gmake[5]: *** [CMakeFiles/cmTC_16f6c.dir/build.make:99: cmTC_16f6c] Error 1
gmake[5]: Leaving directory '/home/kurumi/ras-test/out/picker_out_RAS/UT_RAS/build/CMakeFiles/CMakeTmp'
gmake[4]: *** [Makefile:127: cmTC_16f6c/fast] Error 2
gmake[4]: Leaving directory '/home/kurumi/ras-test/out/picker_out_RAS/UT_RAS/build/CMakeFiles/CMakeTmp'


Source file was:
int main() {return 0;}

